# JRE version: OpenJDK Runtime Environment (17.0.7) (build 17.0.7+0-b2043.56-10550314)
# Java VM: OpenJDK 64-Bit Server VM (17.0.7+0-b2043.56-10550314, mixed mode, tiered, compressed oops, compressed class ptrs, g1 gc, windows-amd64)
GC Precious Log:
 CPUs: 4 total, 4 available
 Memory: 12122M
 Large Page Support: Disabled
 NUMA Support: Disabled
 Compressed Oops: Enabled (Zero based)
 Heap Region Size: 2M
 Heap Min Capacity: 8M
 Heap Initial Capacity: 190M
 Heap Max Capacity: 3032M
 Pre-touch: Disabled
 Parallel Workers: 4
 Concurrent Workers: 1
 Concurrent Refinement Workers: 4
 Periodic GC: Disabled
Heap:
 garbage-first heap   total 137216K, used 90177K [0x0000000742800000, 0x0000000800000000)
  region size 2048K, 19 young (38912K), 3 survivors (6144K)
 Metaspace       used 78977K, committed 79296K, reserved 1179648K
  class space    used 8960K, committed 9088K, reserved 1048576K
GC Heap History (20 events):
Event: 4.948 GC heap before
{Heap before GC invocations=10 (full 0):
 garbage-first heap   total 49152K, used 34629K [0x0000000742800000, 0x0000000800000000)
  region size 2048K, 9 young (18432K), 2 survivors (4096K)
 Metaspace       used 41516K, committed 41728K, reserved 1114112K
  class space    used 5085K, committed 5184K, reserved 1048576K
}
Event: 4.952 GC heap after
{Heap after GC invocations=11 (full 0):
 garbage-first heap   total 49152K, used 21084K [0x0000000742800000, 0x0000000800000000)
  region size 2048K, 2 young (4096K), 2 survivors (4096K)
 Metaspace       used 41516K, committed 41728K, reserved 1114112K
  class space    used 5085K, committed 5184K, reserved 1048576K
}
Event: 5.438 GC heap before
{Heap before GC invocations=11 (full 0):
 garbage-first heap   total 49152K, used 35420K [0x0000000742800000, 0x0000000800000000)
  region size 2048K, 9 young (18432K), 2 survivors (4096K)
 Metaspace       used 45761K, committed 45952K, reserved 1114112K
  class space    used 5593K, committed 5696K, reserved 1048576K
}
Event: 5.446 GC heap after
{Heap after GC invocations=12 (full 0):
 garbage-first heap   total 61440K, used 22554K [0x0000000742800000, 0x0000000800000000)
  region size 2048K, 2 young (4096K), 2 survivors (4096K)
 Metaspace       used 45761K, committed 45952K, reserved 1114112K
  class space    used 5593K, committed 5696K, reserved 1048576K
}
Event: 5.863 GC heap before
{Heap before GC invocations=12 (full 0):
 garbage-first heap   total 61440K, used 47130K [0x0000000742800000, 0x0000000800000000)
  region size 2048K, 13 young (26624K), 2 survivors (4096K)
 Metaspace       used 49406K, committed 49600K, reserved 1114112K
  class space    used 6018K, committed 6080K, reserved 1048576K
}
Event: 5.874 GC heap after
{Heap after GC invocations=13 (full 0):
 garbage-first heap   total 61440K, used 27970K [0x0000000742800000, 0x0000000800000000)
  region size 2048K, 2 young (4096K), 2 survivors (4096K)
 Metaspace       used 49406K, committed 49600K, reserved 1114112K
  class space    used 6018K, committed 6080K, reserved 1048576K
}
Event: 6.493 GC heap before
{Heap before GC invocations=13 (full 0):
 garbage-first heap   total 61440K, used 46402K [0x0000000742800000, 0x0000000800000000)
  region size 2048K, 11 young (22528K), 2 survivors (4096K)
 Metaspace       used 52053K, committed 52224K, reserved 1114112K
  class space    used 6269K, committed 6336K, reserved 1048576K
}
Event: 6.508 GC heap after
{Heap after GC invocations=14 (full 0):
 garbage-first heap   total 61440K, used 31591K [0x0000000742800000, 0x0000000800000000)
  region size 2048K, 2 young (4096K), 2 survivors (4096K)
 Metaspace       used 52053K, committed 52224K, reserved 1114112K
  class space    used 6269K, committed 6336K, reserved 1048576K
}
Event: 6.900 GC heap before
{Heap before GC invocations=14 (full 0):
 garbage-first heap   total 61440K, used 45927K [0x0000000742800000, 0x0000000800000000)
  region size 2048K, 9 young (18432K), 2 survivors (4096K)
 Metaspace       used 52620K, committed 52928K, reserved 1114112K
  class space    used 6278K, committed 6400K, reserved 1048576K
}
Event: 6.909 GC heap after
{Heap after GC invocations=15 (full 0):
 garbage-first heap   total 61440K, used 34217K [0x0000000742800000, 0x0000000800000000)
  region size 2048K, 2 young (4096K), 2 survivors (4096K)
 Metaspace       used 52620K, committed 52928K, reserved 1114112K
  class space    used 6278K, committed 6400K, reserved 1048576K
}
Event: 7.012 GC heap before
{Heap before GC invocations=16 (full 0):
 garbage-first heap   total 75776K, used 46505K [0x0000000742800000, 0x0000000800000000)
  region size 2048K, 8 young (16384K), 2 survivors (4096K)
 Metaspace       used 52641K, committed 52928K, reserved 1114112K
  class space    used 6278K, committed 6400K, reserved 1048576K
}
Event: 7.017 GC heap after
{Heap after GC invocations=17 (full 0):
 garbage-first heap   total 75776K, used 34046K [0x0000000742800000, 0x0000000800000000)
  region size 2048K, 1 young (2048K), 1 survivors (2048K)
 Metaspace       used 52641K, committed 52928K, reserved 1114112K
  class space    used 6278K, committed 6400K, reserved 1048576K
}
Event: 7.714 GC heap before
{Heap before GC invocations=17 (full 0):
 garbage-first heap   total 75776K, used 56574K [0x0000000742800000, 0x0000000800000000)
  region size 2048K, 12 young (24576K), 1 survivors (2048K)
 Metaspace       used 53387K, committed 53632K, reserved 1114112K
  class space    used 6348K, committed 6464K, reserved 1048576K
}
Event: 7.724 GC heap after
{Heap after GC invocations=18 (full 0):
 garbage-first heap   total 151552K, used 36565K [0x0000000742800000, 0x0000000800000000)
  region size 2048K, 2 young (4096K), 2 survivors (4096K)
 Metaspace       used 53387K, committed 53632K, reserved 1114112K
  class space    used 6348K, committed 6464K, reserved 1048576K
}
Event: 11.669 GC heap before
{Heap before GC invocations=19 (full 0):
 garbage-first heap   total 137216K, used 114389K [0x0000000742800000, 0x0000000800000000)
  region size 2048K, 40 young (81920K), 2 survivors (4096K)
 Metaspace       used 59746K, committed 59968K, reserved 1114112K
  class space    used 7005K, committed 7104K, reserved 1048576K
}
Event: 11.690 GC heap after
{Heap after GC invocations=20 (full 0):
 garbage-first heap   total 137216K, used 46117K [0x0000000742800000, 0x0000000800000000)
  region size 2048K, 5 young (10240K), 5 survivors (10240K)
 Metaspace       used 59746K, committed 59968K, reserved 1114112K
  class space    used 7005K, committed 7104K, reserved 1048576K
}
Event: 13.105 GC heap before
{Heap before GC invocations=20 (full 0):
 garbage-first heap   total 137216K, used 95269K [0x0000000742800000, 0x0000000800000000)
  region size 2048K, 30 young (61440K), 5 survivors (10240K)
 Metaspace       used 66154K, committed 66496K, reserved 1114112K
  class space    used 7682K, committed 7872K, reserved 1048576K
}
Event: 13.125 GC heap after
{Heap after GC invocations=21 (full 0):
 garbage-first heap   total 137216K, used 53926K [0x0000000742800000, 0x0000000800000000)
  region size 2048K, 4 young (8192K), 4 survivors (8192K)
 Metaspace       used 66154K, committed 66496K, reserved 1114112K
  class space    used 7682K, committed 7872K, reserved 1048576K
}
Event: 15.751 GC heap before
{Heap before GC invocations=21 (full 0):
 garbage-first heap   total 137216K, used 98982K [0x0000000742800000, 0x0000000800000000)
  region size 2048K, 27 young (55296K), 4 survivors (8192K)
 Metaspace       used 73926K, committed 74240K, reserved 1179648K
  class space    used 8502K, committed 8640K, reserved 1048576K
}
Event: 15.770 GC heap after
{Heap after GC invocations=22 (full 0):
 garbage-first heap   total 137216K, used 59457K [0x0000000742800000, 0x0000000800000000)
  region size 2048K, 3 young (6144K), 3 survivors (6144K)
 Metaspace       used 73926K, committed 74240K, reserved 1179648K
  class space    used 8502K, committed 8640K, reserved 1048576K
}

